# JRE version: Java(TM) SE Runtime Environment (7.0_40-b43) (build 1.7.0_40-b43)
# Java VM: Java HotSpot(TM) 64-Bit Server VM (24.0-b56 mixed mode linux-amd64 compressed oops)
Heap
 PSYoungGen      total 84992K, used 11685K [0x00000000ecb00000, 0x00000000fbb80000, 0x0000000100000000)
  eden space 84480K, 13% used [0x00000000ecb00000,0x00000000ed6594f0,0x00000000f1d80000)
  from space 512K, 12% used [0x00000000fbb00000,0x00000000fbb10000,0x00000000fbb80000)
  to   space 512K, 0% used [0x00000000fba80000,0x00000000fba80000,0x00000000fbb00000)
 ParOldGen       total 39424K, used 18475K [0x00000000c6200000, 0x00000000c8880000, 0x00000000ecb00000)
  object space 39424K, 46% used [0x00000000c6200000,0x00000000c740af48,0x00000000c8880000)
 PSPermGen       total 21504K, used 19278K [0x00000000c1000000, 0x00000000c2500000, 0x00000000c6200000)
  object space 21504K, 89% used [0x00000000c1000000,0x00000000c22d3938,0x00000000c2500000)
GC Heap History (10 events):
Event: 290,041 GC heap before
{Heap before GC invocations=646 (full 0):
 PSYoungGen      total 103936K, used 103488K [0x00000000ecb00000, 0x00000000fbb80000, 0x0000000100000000)
  eden space 103424K, 100% used [0x00000000ecb00000,0x00000000f3000000,0x00000000f3000000)
  from space 512K, 12% used [0x00000000fba80000,0x00000000fba90000,0x00000000fbb00000)
  to   space 512K, 0% used [0x00000000fbb00000,0x00000000fbb00000,0x00000000fbb80000)
 ParOldGen       total 39424K, used 18475K [0x00000000c6200000, 0x00000000c8880000, 0x00000000ecb00000)
  object space 39424K, 46% used [0x00000000c6200000,0x00000000c740af48,0x00000000c8880000)
 PSPermGen       total 21504K, used 19260K [0x00000000c1000000, 0x00000000c2500000, 0x00000000c6200000)
  object space 21504K, 89% used [0x00000000c1000000,0x00000000c22cf0b0,0x00000000c2500000)
Event: 290,043 GC heap after
Heap after GC invocations=646 (full 0):
 PSYoungGen      total 99840K, used 64K [0x00000000ecb00000, 0x00000000fbb80000, 0x0000000100000000)
  eden space 99328K, 0% used [0x00000000ecb00000,0x00000000ecb00000,0x00000000f2c00000)
  from space 512K, 12% used [0x00000000fbb00000,0x00000000fbb10000,0x00000000fbb80000)
  to   space 512K, 0% used [0x00000000fba80000,0x00000000fba80000,0x00000000fbb00000)
 ParOldGen       total 39424K, used 18475K [0x00000000c6200000, 0x00000000c8880000, 0x00000000ecb00000)
  object space 39424K, 46% used [0x00000000c6200000,0x00000000c740af48,0x00000000c8880000)
 PSPermGen       total 21504K, used 19260K [0x00000000c1000000, 0x00000000c2500000, 0x00000000c6200000)
  object space 21504K, 89% used [0x00000000c1000000,0x00000000c22cf0b0,0x00000000c2500000)
}
Event: 290,432 GC heap before
{Heap before GC invocations=647 (full 0):
 PSYoungGen      total 99840K, used 99392K [0x00000000ecb00000, 0x00000000fbb80000, 0x0000000100000000)
  eden space 99328K, 100% used [0x00000000ecb00000,0x00000000f2c00000,0x00000000f2c00000)
  from space 512K, 12% used [0x00000000fbb00000,0x00000000fbb10000,0x00000000fbb80000)
  to   space 512K, 0% used [0x00000000fba80000,0x00000000fba80000,0x00000000fbb00000)
 ParOldGen       total 39424K, used 18475K [0x00000000c6200000, 0x00000000c8880000, 0x00000000ecb00000)
  object space 39424K, 46% used [0x00000000c6200000,0x00000000c740af48,0x00000000c8880000)
 PSPermGen       total 21504K, used 19260K [0x00000000c1000000, 0x00000000c2500000, 0x00000000c6200000)
  object space 21504K, 89% used [0x00000000c1000000,0x00000000c22cf0b0,0x00000000c2500000)
Event: 290,438 GC heap after
Heap after GC invocations=647 (full 0):
 PSYoungGen      total 95744K, used 64K [0x00000000ecb00000, 0x00000000fbb80000, 0x0000000100000000)
  eden space 95232K, 0% used [0x00000000ecb00000,0x00000000ecb00000,0x00000000f2800000)
  from space 512K, 12% used [0x00000000fba80000,0x00000000fba90000,0x00000000fbb00000)
  to   space 512K, 0% used [0x00000000fbb00000,0x00000000fbb00000,0x00000000fbb80000)
 ParOldGen       total 39424K, used 18475K [0x00000000c6200000, 0x00000000c8880000, 0x00000000ecb00000)
  object space 39424K, 46% used [0x00000000c6200000,0x00000000c740af48,0x00000000c8880000)
 PSPermGen       total 21504K, used 19260K [0x00000000c1000000, 0x00000000c2500000, 0x00000000c6200000)
  object space 21504K, 89% used [0x00000000c1000000,0x00000000c22cf0b0,0x00000000c2500000)
}
Event: 290,760 GC heap before
{Heap before GC invocations=648 (full 0):
 PSYoungGen      total 95744K, used 95296K [0x00000000ecb00000, 0x00000000fbb80000, 0x0000000100000000)
  eden space 95232K, 100% used [0x00000000ecb00000,0x00000000f2800000,0x00000000f2800000)
  from space 512K, 12% used [0x00000000fba80000,0x00000000fba90000,0x00000000fbb00000)
  to   space 512K, 0% used [0x00000000fbb00000,0x00000000fbb00000,0x00000000fbb80000)
 ParOldGen       total 39424K, used 18475K [0x00000000c6200000, 0x00000000c8880000, 0x00000000ecb00000)
  object space 39424K, 46% used [0x00000000c6200000,0x00000000c740af48,0x00000000c8880000)
 PSPermGen       total 21504K, used 19260K [0x00000000c1000000, 0x00000000c2500000, 0x00000000c6200000)
  object space 21504K, 89% used [0x00000000c1000000,0x00000000c22cf0b0,0x00000000c2500000)
Event: 290,764 GC heap after
Heap after GC invocations=648 (full 0):
 PSYoungGen      total 92160K, used 64K [0x00000000ecb00000, 0x00000000fbb80000, 0x0000000100000000)
  eden space 91648K, 0% used [0x00000000ecb00000,0x00000000ecb00000,0x00000000f2480000)
  from space 512K, 12% used [0x00000000fbb00000,0x00000000fbb10000,0x00000000fbb80000)
  to   space 512K, 0% used [0x00000000fba80000,0x00000000fba80000,0x00000000fbb00000)
 ParOldGen       total 39424K, used 18475K [0x00000000c6200000, 0x00000000c8880000, 0x00000000ecb00000)
  object space 39424K, 46% used [0x00000000c6200000,0x00000000c740af48,0x00000000c8880000)
 PSPermGen       total 21504K, used 19260K [0x00000000c1000000, 0x00000000c2500000, 0x00000000c6200000)
  object space 21504K, 89% used [0x00000000c1000000,0x00000000c22cf0b0,0x00000000c2500000)
}
Event: 291,101 GC heap before
{Heap before GC invocations=649 (full 0):
 PSYoungGen      total 92160K, used 91712K [0x00000000ecb00000, 0x00000000fbb80000, 0x0000000100000000)
  eden space 91648K, 100% used [0x00000000ecb00000,0x00000000f2480000,0x00000000f2480000)
  from space 512K, 12% used [0x00000000fbb00000,0x00000000fbb10000,0x00000000fbb80000)
  to   space 512K, 0% used [0x00000000fba80000,0x00000000fba80000,0x00000000fbb00000)
 ParOldGen       total 39424K, used 18475K [0x00000000c6200000, 0x00000000c8880000, 0x00000000ecb00000)
  object space 39424K, 46% used [0x00000000c6200000,0x00000000c740af48,0x00000000c8880000)
 PSPermGen       total 21504K, used 19260K [0x00000000c1000000, 0x00000000c2500000, 0x00000000c6200000)
  object space 21504K, 89% used [0x00000000c1000000,0x00000000c22cf0b0,0x00000000c2500000)
Event: 291,104 GC heap after
Heap after GC invocations=649 (full 0):
 PSYoungGen      total 88576K, used 64K [0x00000000ecb00000, 0x00000000fbb80000, 0x0000000100000000)
  eden space 88064K, 0% used [0x00000000ecb00000,0x00000000ecb00000,0x00000000f2100000)
  from space 512K, 12% used [0x00000000fba80000,0x00000000fba90000,0x00000000fbb00000)
  to   space 512K, 0% used [0x00000000fbb00000,0x00000000fbb00000,0x00000000fbb80000)
 ParOldGen       total 39424K, used 18475K [0x00000000c6200000, 0x00000000c8880000, 0x00000000ecb00000)
  object space 39424K, 46% used [0x00000000c6200000,0x00000000c740af48,0x00000000c8880000)
 PSPermGen       total 21504K, used 19260K [0x00000000c1000000, 0x00000000c2500000, 0x00000000c6200000)
  object space 21504K, 89% used [0x00000000c1000000,0x00000000c22cf0b0,0x00000000c2500000)
}
Event: 291,434 GC heap before
{Heap before GC invocations=650 (full 0):
 PSYoungGen      total 88576K, used 88128K [0x00000000ecb00000, 0x00000000fbb80000, 0x0000000100000000)
  eden space 88064K, 100% used [0x00000000ecb00000,0x00000000f2100000,0x00000000f2100000)
  from space 512K, 12% used [0x00000000fba80000,0x00000000fba90000,0x00000000fbb00000)
  to   space 512K, 0% used [0x00000000fbb00000,0x00000000fbb00000,0x00000000fbb80000)
 ParOldGen       total 39424K, used 18475K [0x00000000c6200000, 0x00000000c8880000, 0x00000000ecb00000)
  object space 39424K, 46% used [0x00000000c6200000,0x00000000c740af48,0x00000000c8880000)
 PSPermGen       total 21504K, used 19260K [0x00000000c1000000, 0x00000000c2500000, 0x00000000c6200000)
  object space 21504K, 89% used [0x00000000c1000000,0x00000000c22cf0b0,0x00000000c2500000)
Event: 291,438 GC heap after
Heap after GC invocations=650 (full 0):
 PSYoungGen      total 84992K, used 64K [0x00000000ecb00000, 0x00000000fbb80000, 0x0000000100000000)
  eden space 84480K, 0% used [0x00000000ecb00000,0x00000000ecb00000,0x00000000f1d80000)
  from space 512K, 12% used [0x00000000fbb00000,0x00000000fbb10000,0x00000000fbb80000)
  to   space 512K, 0% used [0x00000000fba80000,0x00000000fba80000,0x00000000fbb00000)
 ParOldGen       total 39424K, used 18475K [0x00000000c6200000, 0x00000000c8880000, 0x00000000ecb00000)
  object space 39424K, 46% used [0x00000000c6200000,0x00000000c740af48,0x00000000c8880000)
 PSPermGen       total 21504K, used 19260K [0x00000000c1000000, 0x00000000c2500000, 0x00000000c6200000)
  object space 21504K, 89% used [0x00000000c1000000,0x00000000c22cf0b0,0x00000000c2500000)
}

